INFO: [VRFC 10-2263] Analyzing SystemVerilog file "C:/Xilinx/Vivado/2016.2/data/ip/xpm/xpm_cdc/hdl/xpm_cdc.sv" into library xil_defaultlib
INFO: [VRFC 10-311] analyzing module xpm_cdc_single
INFO: [VRFC 10-311] analyzing module xpm_cdc_gray
INFO: [VRFC 10-311] analyzing module xpm_cdc_handshake
INFO: [VRFC 10-311] analyzing module xpm_cdc_pulse
INFO: [VRFC 10-311] analyzing module xpm_cdc_array_single
INFO: [VRFC 10-311] analyzing module xpm_cdc_sync_rst
INFO: [VRFC 10-311] analyzing module xpm_cdc_async_rst
INFO: [VRFC 10-2263] Analyzing Verilog file "S:/360Downloads/Pipeline/Pipeline.srcs/sources_1/new/full_adder.v" into library xil_defaultlib
INFO: [VRFC 10-311] analyzing module full_adder
INFO: [VRFC 10-2263] Analyzing Verilog file "S:/360Downloads/Pipeline/Pipeline.srcs/sources_1/new/adder_4bits.v" into library xil_defaultlib
INFO: [VRFC 10-311] analyzing module adder_4bits
INFO: [VRFC 10-2263] Analyzing Verilog file "S:/360Downloads/Pipeline/Pipeline.srcs/sources_1/new/mux_adder.v" into library xil_defaultlib
INFO: [VRFC 10-311] analyzing module mux_adder
INFO: [VRFC 10-2263] Analyzing Verilog file "S:/360Downloads/Pipeline/Pipeline.srcs/sources_1/new/adder_32bits.v" into library xil_defaultlib
INFO: [VRFC 10-311] analyzing module adder_32bits
INFO: [VRFC 10-2263] Analyzing Verilog file "S:/360Downloads/Pipeline/Pipeline.ip_user_files/ipstatic/dist_mem_gen_v8_0_10/simulation/dist_mem_gen_v8_0.v" into library dist_mem_gen_v8_0_10
INFO: [VRFC 10-311] analyzing module dist_mem_gen_v8_0_10
INFO: [VRFC 10-2263] Analyzing Verilog file "S:/360Downloads/Pipeline/Pipeline.srcs/sources_1/ip/instructionROM/sim/instructionROM.v" into library xil_defaultlib
INFO: [VRFC 10-311] analyzing module instructionROM
INFO: [VRFC 10-2263] Analyzing Verilog file "S:/360Downloads/Pipeline/Pipeline.srcs/sources_1/new/Zero_test.v" into library xil_defaultlib
INFO: [VRFC 10-311] analyzing module Zero_test
INFO: [VRFC 10-2263] Analyzing Verilog file "S:/360Downloads/Pipeline/Pipeline.srcs/sources_1/new/RsSel_RtSel.v" into library xil_defaultlib
INFO: [VRFC 10-311] analyzing module RsSel_RtSel
INFO: [VRFC 10-2263] Analyzing Verilog file "S:/360Downloads/Pipeline/Pipeline.srcs/sources_1/new/Registers.v" into library xil_defaultlib
INFO: [VRFC 10-311] analyzing module Registers
INFO: [VRFC 10-2263] Analyzing Verilog file "S:/360Downloads/Pipeline/Pipeline.srcs/sources_1/new/Hazard_detector.v" into library xil_defaultlib
INFO: [VRFC 10-311] analyzing module Hazard_detector
INFO: [VRFC 10-2263] Analyzing Verilog file "S:/360Downloads/Pipeline/Pipeline.srcs/sources_1/new/ff_lib.v" into library xil_defaultlib
INFO: [VRFC 10-311] analyzing module dff
INFO: [VRFC 10-311] analyzing module dffr
INFO: [VRFC 10-311] analyzing module dffre
INFO: [VRFC 10-2263] Analyzing Verilog file "S:/360Downloads/Pipeline/Pipeline.srcs/sources_1/new/Decode.v" into library xil_defaultlib
INFO: [VRFC 10-311] analyzing module Decode
INFO: [VRFC 10-2263] Analyzing Verilog file "S:/360Downloads/Pipeline/Pipeline.srcs/sources_1/new/ALU.v" into library xil_defaultlib
INFO: [VRFC 10-311] analyzing module ALU
INFO: [VRFC 10-2263] Analyzing Verilog file "S:/360Downloads/Pipeline/Pipeline.srcs/sources_1/ip/dataRAM/sim/dataRAM.v" into library xil_defaultlib
INFO: [VRFC 10-311] analyzing module dataRAM
INFO: [VRFC 10-2263] Analyzing Verilog file "S:/360Downloads/Pipeline/Pipeline.srcs/sources_1/ip/clk_div/clk_div_clk_wiz.v" into library xil_defaultlib
INFO: [VRFC 10-311] analyzing module clk_div_clk_wiz
INFO: [VRFC 10-2263] Analyzing Verilog file "S:/360Downloads/Pipeline/Pipeline.srcs/sources_1/ip/clk_div/clk_div.v" into library xil_defaultlib
INFO: [VRFC 10-311] analyzing module clk_div
INFO: [VRFC 10-2263] Analyzing Verilog file "S:/360Downloads/Pipeline/Pipeline.srcs/sources_1/new/seg.v" into library xil_defaultlib
INFO: [VRFC 10-311] analyzing module seg
INFO: [VRFC 10-2263] Analyzing Verilog file "S:/360Downloads/Pipeline/Pipeline.srcs/sources_1/new/IF.v" into library xil_defaultlib
INFO: [VRFC 10-311] analyzing module IF
INFO: [VRFC 10-2263] Analyzing Verilog file "S:/360Downloads/Pipeline/Pipeline.srcs/sources_1/new/ID.v" into library xil_defaultlib
INFO: [VRFC 10-311] analyzing module ID
INFO: [VRFC 10-2263] Analyzing Verilog file "S:/360Downloads/Pipeline/Pipeline.srcs/sources_1/new/EX.v" into library xil_defaultlib
INFO: [VRFC 10-311] analyzing module EX
INFO: [VRFC 10-2263] Analyzing Verilog file "S:/360Downloads/Pipeline/Pipeline.srcs/sources_1/new/MipsPipelineCPU.v" into library xil_defaultlib
INFO: [VRFC 10-311] analyzing module MipsPipelineCPU
INFO: [VRFC 10-2458] undeclared symbol clk_out, assumed default net type wire [S:/360Downloads/Pipeline/Pipeline.srcs/sources_1/new/MipsPipelineCPU.v:46]
INFO: [VRFC 10-2263] Analyzing Verilog file "S:/360Downloads/Pipeline/Pipeline.srcs/sources_1/new/top_tb.v" into library xil_defaultlib
INFO: [VRFC 10-311] analyzing module top_tb_v
INFO: [VRFC 10-2263] Analyzing Verilog file "S:/360Downloads/Pipeline/Pipeline.sim/sim_1/behav/glbl.v" into library xil_defaultlib
INFO: [VRFC 10-311] analyzing module glbl
INFO: [VRFC 10-163] Analyzing VHDL file "C:/Xilinx/Vivado/2016.2/data/ip/xpm/xpm_VCOMP.vhd" into library xpm
