#-----------------------------------------------------------
# Vivado v2016.2 (64-bit)
# SW Build 1577090 on Thu Jun  2 16:32:40 MDT 2016
# IP Build 1577682 on Fri Jun  3 12:00:54 MDT 2016
# Start of session at: Mon Dec 04 08:21:35 2017
# Process ID: 12152
# Current directory: S:/360Downloads/Pipeline
# Command line: vivado.exe -gui_launcher_event rodinguilauncherevent20000 S:\360Downloads\Pipeline\Pipeline.xpr
# Log file: S:/360Downloads/Pipeline/vivado.log
# Journal file: S:/360Downloads/Pipeline\vivado.jou
#-----------------------------------------------------------
start_gui
open_project S:/360Downloads/Pipeline/Pipeline.xpr
Scanning sources...
Finished scanning sources
INFO: [IP_Flow 19-234] Refreshing IP repositories
INFO: [IP_Flow 19-1704] No user IP repositories specified
INFO: [IP_Flow 19-2313] Loaded Vivado IP repository 'C:/Xilinx/Vivado/2016.2/data/ip'.
open_project: Time (s): cpu = 00:00:21 ; elapsed = 00:00:11 . Memory (MB): peak = 773.359 ; gain = 126.734
update_compile_order -fileset sources_1
create_ip -name mult_gen -vendor xilinx.com -library ip -version 12.0 -module_name multiplier
set_property -dict [list CONFIG.PortAType {Unsigned} CONFIG.PortAWidth {32} CONFIG.PortBType {Unsigned} CONFIG.PortBWidth {32} CONFIG.Use_Custom_Output_Width {false} CONFIG.OutputWidthHigh {63}] [get_ips multiplier]
generate_target {instantiation_template} [get_files s:/360Downloads/Pipeline/Pipeline.srcs/sources_1/ip/multiplier/multiplier.xci]
INFO: [IP_Flow 19-1686] Generating 'Instantiation Template' target for IP 'multiplier'...
update_compile_order -fileset sources_1
generate_target all [get_files  s:/360Downloads/Pipeline/Pipeline.srcs/sources_1/ip/multiplier/multiplier.xci]
INFO: [IP_Flow 19-1686] Generating 'Synthesis' target for IP 'multiplier'...
INFO: [IP_Flow 19-1686] Generating 'Simulation' target for IP 'multiplier'...
INFO: [IP_Flow 19-1686] Generating 'Change Log' target for IP 'multiplier'...
export_ip_user_files -of_objects [get_files s:/360Downloads/Pipeline/Pipeline.srcs/sources_1/ip/multiplier/multiplier.xci] -no_script -force -quiet
create_ip_run [get_files -of_objects [get_fileset sources_1] s:/360Downloads/Pipeline/Pipeline.srcs/sources_1/ip/multiplier/multiplier.xci]
launch_run -jobs 2 multiplier_synth_1
[Mon Dec 04 09:17:58 2017] Launched multiplier_synth_1...
Run output will be captured here: S:/360Downloads/Pipeline/Pipeline.runs/multiplier_synth_1/runme.log
export_simulation -of_objects [get_files s:/360Downloads/Pipeline/Pipeline.srcs/sources_1/ip/multiplier/multiplier.xci] -directory S:/360Downloads/Pipeline/Pipeline.ip_user_files/sim_scripts -ip_user_files_dir S:/360Downloads/Pipeline/Pipeline.ip_user_files -ipstatic_source_dir S:/360Downloads/Pipeline/Pipeline.ip_user_files/ipstatic -force -quiet
remove_files -fileset multiplier s:/360Downloads/Pipeline/Pipeline.srcs/sources_1/ip/multiplier/multiplier.xci
INFO: [Project 1-386] Moving file 's:/360Downloads/Pipeline/Pipeline.srcs/sources_1/ip/multiplier/multiplier.xci' from fileset 'multiplier' to fileset 'sources_1'.
file delete -force s:/360Downloads/Pipeline/Pipeline.srcs/sources_1/ip/multiplier
file delete -force S:/360Downloads/Pipeline/Pipeline.ip_user_files/ip/multiplier S:/360Downloads/Pipeline/Pipeline.ip_user_files/sim_scripts/multiplier
exit
INFO: [Common 17-206] Exiting Vivado at Mon Dec 04 09:36:50 2017...
