INFO: [VRFC 10-2263] Analyzing Verilog file "S:/360Downloads/Pipeline/Pipeline.sim/sim_1/impl/timing/top_tb_v_time_impl.v" into library xil_defaultlib
INFO: [VRFC 10-311] analyzing module RAM32M_UNIQ_BASE_
INFO: [VRFC 10-311] analyzing module RAM32M_HD1
INFO: [VRFC 10-311] analyzing module RAM32M_HD10
INFO: [VRFC 10-311] analyzing module RAM32M_HD11
INFO: [VRFC 10-311] analyzing module RAM32M_HD2
INFO: [VRFC 10-311] analyzing module RAM32M_HD3
INFO: [VRFC 10-311] analyzing module RAM32M_HD4
INFO: [VRFC 10-311] analyzing module RAM32M_HD5
INFO: [VRFC 10-311] analyzing module RAM32M_HD6
INFO: [VRFC 10-311] analyzing module RAM32M_HD7
INFO: [VRFC 10-311] analyzing module RAM32M_HD8
INFO: [VRFC 10-311] analyzing module RAM32M_HD9
INFO: [VRFC 10-311] analyzing module RAM64X1S_UNIQ_BASE_
INFO: [VRFC 10-311] analyzing module RAM64X1S_HD12
INFO: [VRFC 10-311] analyzing module RAM64X1S_HD13
INFO: [VRFC 10-311] analyzing module RAM64X1S_HD14
INFO: [VRFC 10-311] analyzing module RAM64X1S_HD15
INFO: [VRFC 10-311] analyzing module RAM64X1S_HD16
INFO: [VRFC 10-311] analyzing module RAM64X1S_HD17
INFO: [VRFC 10-311] analyzing module RAM64X1S_HD18
INFO: [VRFC 10-311] analyzing module RAM64X1S_HD19
INFO: [VRFC 10-311] analyzing module RAM64X1S_HD20
INFO: [VRFC 10-311] analyzing module RAM64X1S_HD21
INFO: [VRFC 10-311] analyzing module RAM64X1S_HD22
INFO: [VRFC 10-311] analyzing module RAM64X1S_HD23
INFO: [VRFC 10-311] analyzing module RAM64X1S_HD24
INFO: [VRFC 10-311] analyzing module RAM64X1S_HD25
INFO: [VRFC 10-311] analyzing module RAM64X1S_HD26
INFO: [VRFC 10-311] analyzing module RAM64X1S_HD27
INFO: [VRFC 10-311] analyzing module RAM64X1S_HD28
INFO: [VRFC 10-311] analyzing module RAM64X1S_HD29
INFO: [VRFC 10-311] analyzing module RAM64X1S_HD30
INFO: [VRFC 10-311] analyzing module RAM64X1S_HD31
INFO: [VRFC 10-311] analyzing module RAM64X1S_HD32
INFO: [VRFC 10-311] analyzing module RAM64X1S_HD33
INFO: [VRFC 10-311] analyzing module RAM64X1S_HD34
INFO: [VRFC 10-311] analyzing module RAM64X1S_HD35
INFO: [VRFC 10-311] analyzing module RAM64X1S_HD36
INFO: [VRFC 10-311] analyzing module RAM64X1S_HD37
INFO: [VRFC 10-311] analyzing module RAM64X1S_HD38
INFO: [VRFC 10-311] analyzing module RAM64X1S_HD39
INFO: [VRFC 10-311] analyzing module RAM64X1S_HD40
INFO: [VRFC 10-311] analyzing module RAM64X1S_HD41
INFO: [VRFC 10-311] analyzing module RAM64X1S_HD42
INFO: [VRFC 10-311] analyzing module clk_div
INFO: [VRFC 10-311] analyzing module dataRAM
INFO: [VRFC 10-311] analyzing module instructionROM
INFO: [VRFC 10-311] analyzing module ID
INFO: [VRFC 10-311] analyzing module IF
INFO: [VRFC 10-311] analyzing module MipsPipelineCPU
INFO: [VRFC 10-311] analyzing module Registers
INFO: [VRFC 10-311] analyzing module clk_div_clk_div_clk_wiz
INFO: [VRFC 10-311] analyzing module dffr
INFO: [VRFC 10-311] analyzing module dffr_0
INFO: [VRFC 10-311] analyzing module dffr_1
INFO: [VRFC 10-311] analyzing module dffr_2
INFO: [VRFC 10-311] analyzing module dffr__parameterized0
INFO: [VRFC 10-311] analyzing module dffr__parameterized1
INFO: [VRFC 10-311] analyzing module dffr__parameterized10
INFO: [VRFC 10-311] analyzing module dffr__parameterized11
INFO: [VRFC 10-311] analyzing module dffr__parameterized12
INFO: [VRFC 10-311] analyzing module dffr__parameterized13
INFO: [VRFC 10-311] analyzing module dffr__parameterized2
INFO: [VRFC 10-311] analyzing module dffr__parameterized4
INFO: [VRFC 10-311] analyzing module dffr__parameterized5
INFO: [VRFC 10-311] analyzing module dffr__parameterized6
INFO: [VRFC 10-311] analyzing module dffr__parameterized7
INFO: [VRFC 10-311] analyzing module dffr__parameterized8
INFO: [VRFC 10-311] analyzing module dffr__parameterized9
INFO: [VRFC 10-311] analyzing module dffre
INFO: [VRFC 10-311] analyzing module dffre_3
INFO: [VRFC 10-311] analyzing module dffre_4
INFO: [VRFC 10-311] analyzing module seg
INFO: [VRFC 10-311] analyzing module dataRAM_dist_mem_gen_v8_0_10
INFO: [VRFC 10-311] analyzing module dataRAM_dist_mem_gen_v8_0_10_synth
INFO: [VRFC 10-311] analyzing module dataRAM_spram
INFO: [VRFC 10-311] analyzing module instructionROM_dist_mem_gen_v8_0_10
INFO: [VRFC 10-311] analyzing module instructionROM_dist_mem_gen_v8_0_10_synth
INFO: [VRFC 10-311] analyzing module instructionROM_rom
INFO: [VRFC 10-311] analyzing module glbl
